<?xml version="1.0" encoding="UTF-8"?>
<!-- Generated by org.testng.reporters.JUnitXMLReporter -->
<testsuite hostname="VAIO" ignored="0" name="Default test" tests="3" failures="0" timestamp="20 Sep 2018 12:49:51 GMT" time="59.246" errors="0">
  <testcase name="VerificationCRMLogoTest" time="0.148" classname="com.crm.qa.TestCases.LoginPageTest"/>
  <testcase name="VerificationCRMTitleTest" time="0.047" classname="com.crm.qa.TestCases.LoginPageTest"/>
  <testcase name="loginTest" time="4.184" classname="com.crm.qa.TestCases.LoginPageTest"/>
</testsuite> <!-- Default test -->
