<?xml version="1.0" encoding="UTF-8"?>
<testng-results skipped="0" failed="0" ignored="0" total="3" passed="3">
  <reporter-output>
  </reporter-output>
  <suite name="Default suite" duration-ms="59246" started-at="2018-09-20T12:48:51Z" finished-at="2018-09-20T12:49:51Z">
    <groups>
    </groups>
    <test name="Default test" duration-ms="59246" started-at="2018-09-20T12:48:51Z" finished-at="2018-09-20T12:49:51Z">
      <class name="com.crm.qa.TestCases.LoginPageTest">
        <test-method status="PASS" signature="setup()[pri:0, instance:com.crm.qa.TestCases.LoginPageTest@27efef64]" name="setup" is-config="true" duration-ms="17175" started-at="2018-09-20T12:48:52Z" finished-at="2018-09-20T12:49:09Z">
          <reporter-output>
          </reporter-output>
        </test-method> <!-- setup -->
        <test-method status="PASS" signature="VerificationCRMLogoTest()[pri:1, instance:com.crm.qa.TestCases.LoginPageTest@27efef64]" name="VerificationCRMLogoTest" duration-ms="148" started-at="2018-09-20T12:49:09Z" finished-at="2018-09-20T12:49:09Z">
          <reporter-output>
          </reporter-output>
        </test-method> <!-- VerificationCRMLogoTest -->
        <test-method status="PASS" signature="exit()[pri:0, instance:com.crm.qa.TestCases.LoginPageTest@27efef64]" name="exit" is-config="true" duration-ms="1012" started-at="2018-09-20T12:49:09Z" finished-at="2018-09-20T12:49:10Z">
          <reporter-output>
          </reporter-output>
        </test-method> <!-- exit -->
        <test-method status="PASS" signature="setup()[pri:0, instance:com.crm.qa.TestCases.LoginPageTest@27efef64]" name="setup" is-config="true" duration-ms="16470" started-at="2018-09-20T12:49:10Z" finished-at="2018-09-20T12:49:26Z">
          <reporter-output>
          </reporter-output>
        </test-method> <!-- setup -->
        <test-method status="PASS" signature="VerificationCRMTitleTest()[pri:2, instance:com.crm.qa.TestCases.LoginPageTest@27efef64]" name="VerificationCRMTitleTest" duration-ms="47" started-at="2018-09-20T12:49:26Z" finished-at="2018-09-20T12:49:26Z">
          <reporter-output>
          </reporter-output>
        </test-method> <!-- VerificationCRMTitleTest -->
        <test-method status="PASS" signature="exit()[pri:0, instance:com.crm.qa.TestCases.LoginPageTest@27efef64]" name="exit" is-config="true" duration-ms="803" started-at="2018-09-20T12:49:26Z" finished-at="2018-09-20T12:49:27Z">
          <reporter-output>
          </reporter-output>
        </test-method> <!-- exit -->
        <test-method status="PASS" signature="setup()[pri:0, instance:com.crm.qa.TestCases.LoginPageTest@27efef64]" name="setup" is-config="true" duration-ms="18486" started-at="2018-09-20T12:49:27Z" finished-at="2018-09-20T12:49:46Z">
          <reporter-output>
          </reporter-output>
        </test-method> <!-- setup -->
        <test-method status="PASS" signature="loginTest()[pri:3, instance:com.crm.qa.TestCases.LoginPageTest@27efef64]" name="loginTest" duration-ms="4184" started-at="2018-09-20T12:49:46Z" finished-at="2018-09-20T12:49:50Z">
          <reporter-output>
          </reporter-output>
        </test-method> <!-- loginTest -->
        <test-method status="PASS" signature="exit()[pri:0, instance:com.crm.qa.TestCases.LoginPageTest@27efef64]" name="exit" is-config="true" duration-ms="844" started-at="2018-09-20T12:49:50Z" finished-at="2018-09-20T12:49:51Z">
          <reporter-output>
          </reporter-output>
        </test-method> <!-- exit -->
      </class> <!-- com.crm.qa.TestCases.LoginPageTest -->
    </test> <!-- Default test -->
  </suite> <!-- Default suite -->
</testng-results>
